#
# A fatal error has been detected by the Java Runtime Environment:
#
#  EXCEPTION_ACCESS_VIOLATION (0xc0000005) at pc=0x000000006529b8ff, pid=18104, tid=23180
#
# JRE version: Java(TM) SE Runtime Environment (8.0_65-b17) (build 1.8.0_65-b17)
# Java VM: Java HotSpot(TM) 64-Bit Server VM (25.65-b01 mixed mode windows-amd64 compressed oops)
# Problematic frame:
# C  [libtesseract-4.dll+0x1b8ff]
#
# Failed to write core dump. Minidumps are not enabled by default on client versions of Windows
#
# If you would like to submit a bug report, please visit:
#   http://bugreport.java.com/bugreport/crash.jsp
# The crash happened outside the Java Virtual Machine in native code.
# See problematic frame for where to report the bug.
#

---------------  T H R E A D  ---------------

Current thread (0x0000000003225000):  JavaThread "main" [_thread_in_native, id=23180, stack(0x0000000003120000,0x0000000003220000)]

siginfo: ExceptionCode=0xc0000005, reading address 0x000000000000000c

Registers:
RAX=0x0000000000000000, RBX=0x000000002cb34020, RCX=0x000000002cb55c38, RDX=0x0000000000000000
RSP=0x000000000321e8e0, RBP=0x0000000000000000, RSI=0x000000000321e950, RDI=0x000000002cbc34b0
R8 =0x0000000000000000, R9 =0x0000000000000000, R10=0xe0615e737764735e, R11=0x8101010101010100
R12=0x0000000000000000, R13=0x000000001cb324e0, R14=0x0000000000000000, R15=0x0000000003225000
RIP=0x000000006529b8ff, EFLAGS=0x0000000000010246

Top of Stack: (sp=0x000000000321e8e0)
0x000000000321e8e0:   0000000000000000 0000000000000000
0x000000000321e8f0:   0000000000000000 000000002cbc6170
0x000000000321e900:   000000002cbcd0f0 000000002cbc8a10
0x000000000321e910:   0000000000000001 000000000321e960
0x000000000321e920:   000000002cbc6530 000000002cbeea10
0x000000000321e930:   000000002cbc6170 000000006541c6ca
0x000000000321e940:   0000000000000001 0000000000000000
0x000000000321e950:   000000002cbc34b0 0000000000000000
0x000000000321e960:   0000000000000000 0000000000000000
0x000000000321e970:   000000002cbad090 000000002cbeea10
0x000000000321e980:   000000002cbc8a10 000000002cbc84c0
0x000000000321e990:   000000002cbee890 000000002cbc8a10
0x000000000321e9a0:   000000002cbc34b8 000000002cbc8a10
0x000000000321e9b0:   000000002cbc8a10 000000002cbc8a10
0x000000000321e9c0:   0000000000000000 000000002cbc8a10
0x000000000321e9d0:   000000002cbc8a00 000000002cbc8a38 

Instructions: (pc=0x000000006529b8ff)
0x000000006529b8df:   00 31 d2 48 89 f1 e8 96 f3 17 00 8b 83 c0 15 00
0x000000006529b8ef:   00 85 c0 0f 8f a8 00 00 00 48 8b 83 68 0a 00 00
0x000000006529b8ff:   80 78 0c 00 0f 85 87 02 00 00 8b 83 18 48 02 00
0x000000006529b90f:   85 c0 0f 8e 99 00 00 00 45 31 ff 45 31 ed eb 23 


Register to memory mapping:

RAX=0x0000000000000000 is an unknown value
RBX=0x000000002cb34020 is an unknown value
RCX=0x000000002cb55c38 is an unknown value
RDX=0x0000000000000000 is an unknown value
RSP=0x000000000321e8e0 is pointing into the stack for thread: 0x0000000003225000
RBP=0x0000000000000000 is an unknown value
RSI=0x000000000321e950 is pointing into the stack for thread: 0x0000000003225000
RDI=0x000000002cbc34b0 is an unknown value
R8 =0x0000000000000000 is an unknown value
R9 =0x0000000000000000 is an unknown value
R10=0xe0615e737764735e is an unknown value
R11=0x8101010101010100 is an unknown value
R12=0x0000000000000000 is an unknown value
R13=0x000000001cb324e0 is pointing into metadata
R14=0x0000000000000000 is an unknown value
R15=0x0000000003225000 is a thread


Stack: [0x0000000003120000,0x0000000003220000],  sp=0x000000000321e8e0,  free space=1018k
Native frames: (J=compiled Java code, j=interpreted, Vv=VM code, C=native code)

Java frames: (J=compiled Java code, j=interpreted, Vv=VM code)
j  org.bytedeco.javacpp.tesseract$TessBaseAPI.GetUTF8Text()Lorg/bytedeco/javacpp/BytePointer;+0
j  ninja.onewaysidewalks.reforger.Main.ocr(Ljava/awt/image/BufferedImage;)Lninja/onewaysidewalks/reforger/OcrOutput;+68
j  ninja.onewaysidewalks.reforger.Main.main([Ljava/lang/String;)V+27
v  ~StubRoutines::call_stub
j  sun.reflect.NativeMethodAccessorImpl.invoke0(Ljava/lang/reflect/Method;Ljava/lang/Object;[Ljava/lang/Object;)Ljava/lang/Object;+0
j  sun.reflect.NativeMethodAccessorImpl.invoke(Ljava/lang/Object;[Ljava/lang/Object;)Ljava/lang/Object;+100
j  sun.reflect.DelegatingMethodAccessorImpl.invoke(Ljava/lang/Object;[Ljava/lang/Object;)Ljava/lang/Object;+6
j  java.lang.reflect.Method.invoke(Ljava/lang/Object;[Ljava/lang/Object;)Ljava/lang/Object;+56
j  com.intellij.rt.execution.application.AppMain.main([Ljava/lang/String;)V+180
v  ~StubRoutines::call_stub

---------------  P R O C E S S  ---------------

Java Threads: ( => current thread )
  0x000000002062f800 JavaThread "JavaCPP Deallocator" daemon [_thread_blocked, id=18028, stack(0x000000002b270000,0x000000002b370000)]
  0x0000000020531000 JavaThread "AWT-Windows" daemon [_thread_in_native, id=21512, stack(0x0000000020f00000,0x0000000021000000)]
  0x0000000020530800 JavaThread "AWT-Shutdown" [_thread_blocked, id=3700, stack(0x0000000020e00000,0x0000000020f00000)]
  0x000000002057a000 JavaThread "Java2D Disposer" daemon [_thread_blocked, id=9608, stack(0x0000000020d00000,0x0000000020e00000)]
  0x000000001e8f6000 JavaThread "Monitor Ctrl-Break" daemon [_thread_in_native, id=15168, stack(0x00000000201e0000,0x00000000202e0000)]
  0x000000001e632000 JavaThread "Service Thread" daemon [_thread_blocked, id=10104, stack(0x000000001ffe0000,0x00000000200e0000)]
  0x000000001e5a0000 JavaThread "C1 CompilerThread3" daemon [_thread_blocked, id=13348, stack(0x000000001fee0000,0x000000001ffe0000)]
  0x000000001e59f800 JavaThread "C2 CompilerThread2" daemon [_thread_blocked, id=11628, stack(0x000000001fde0000,0x000000001fee0000)]
  0x000000001e599800 JavaThread "C2 CompilerThread1" daemon [_thread_blocked, id=19868, stack(0x000000001fce0000,0x000000001fde0000)]
  0x000000001e593000 JavaThread "C2 CompilerThread0" daemon [_thread_blocked, id=15968, stack(0x000000001fbe0000,0x000000001fce0000)]
  0x000000001e592000 JavaThread "Attach Listener" daemon [_thread_blocked, id=22936, stack(0x000000001fae0000,0x000000001fbe0000)]
  0x000000001cece800 JavaThread "Signal Dispatcher" daemon [_thread_blocked, id=18316, stack(0x000000001f9e0000,0x000000001fae0000)]
  0x0000000003319800 JavaThread "Finalizer" daemon [_thread_blocked, id=13124, stack(0x000000001f7f0000,0x000000001f8f0000)]
  0x000000001cebd000 JavaThread "Reference Handler" daemon [_thread_blocked, id=14164, stack(0x000000001f6f0000,0x000000001f7f0000)]
=>0x0000000003225000 JavaThread "main" [_thread_in_native, id=23180, stack(0x0000000003120000,0x0000000003220000)]

Other Threads:
  0x000000001ceb6800 VMThread [stack: 0x000000001f5f0000,0x000000001f6f0000] [id=19660]
  0x000000001e5bc000 WatcherThread [stack: 0x00000000200e0000,0x00000000201e0000] [id=10468]

VM state:not at safepoint (normal execution)

VM Mutex/Monitor currently owned by a thread: None

Heap:
 PSYoungGen      total 75776K, used 33231K [0x000000076b800000, 0x0000000770c80000, 0x00000007c0000000)
  eden space 65024K, 51% used [0x000000076b800000,0x000000076d873e08,0x000000076f780000)
  from space 10752K, 0% used [0x0000000770200000,0x0000000770200000,0x0000000770c80000)
  to   space 10752K, 0% used [0x000000076f780000,0x000000076f780000,0x0000000770200000)
 ParOldGen       total 173568K, used 0K [0x00000006c2800000, 0x00000006cd180000, 0x000000076b800000)
  object space 173568K, 0% used [0x00000006c2800000,0x00000006c2800000,0x00000006cd180000)
 Metaspace       used 10431K, capacity 10588K, committed 10880K, reserved 1058816K
  class space    used 1053K, capacity 1115K, committed 1152K, reserved 1048576K

Card table byte_map: [0x00000000126e0000,0x0000000012ed0000] byte_map_base: 0x000000000f0cc000

Marking Bits: (ParMarkBitMap*) 0x000000006d4ca5b0
 Begin Bits: [0x0000000013e20000, 0x0000000017d80000)
 End Bits:   [0x0000000017d80000, 0x000000001bce0000)

Polling page: 0x0000000000bc0000

CodeCache: size=245760Kb used=3128Kb max_used=3142Kb free=242631Kb
 bounds [0x0000000003320000, 0x0000000003640000, 0x0000000012320000]
 total_blobs=1380 nmethods=728 adapters=565
 compilation: enabled

Compilation events (10 events):
Event: 1.115 Thread 0x000000001e5a0000 nmethod 724 0x0000000003629010 code [0x00000000036291a0, 0x0000000003629658]
Event: 1.115 Thread 0x000000001e593000  725       4       java.lang.StringBuilder::<init> (7 bytes)
Event: 1.116 Thread 0x000000001e593000 nmethod 725 0x000000000362c510 code [0x000000000362c660, 0x000000000362c758]
Event: 1.116 Thread 0x000000001e5a0000  727       3       java.lang.String::split (326 bytes)
Event: 1.118 Thread 0x000000001e5a0000 nmethod 727 0x000000000362c810 code [0x000000000362cc80, 0x000000000362fa58]
Event: 1.118 Thread 0x000000001e5a0000  726       3       java.lang.String::split (7 bytes)
Event: 1.118 Thread 0x000000001e5a0000 nmethod 726 0x000000000362c110 code [0x000000000362c280, 0x000000000362c488]
Event: 1.118 Thread 0x000000001e5a0000  728       1       sun.nio.fs.NativeBuffer::size (5 bytes)
Event: 1.118 Thread 0x000000001e5a0000 nmethod 728 0x0000000003624850 code [0x00000000036249a0, 0x0000000003624ab0]
Event: 1.120 Thread 0x000000001e599800 nmethod 719 0x0000000003629810 code [0x00000000036299a0, 0x000000000362a2f8]

GC Heap History (0 events):
No events

Deoptimization events (2 events):
Event: 0.140 Thread 0x0000000003225000 Uncommon trap: reason=unstable_if action=reinterpret pc=0x00000000034415a0 method=java.lang.String.hashCode()I @ 14
Event: 0.311 Thread 0x0000000003225000 Uncommon trap: reason=unstable_if action=reinterpret pc=0x00000000034d4b68 method=java.lang.String.indexOf([CII[CIII)I @ 3

Internal exceptions (10 events):
Event: 0.992 Thread 0x0000000003225000 Exception <a 'sun/nio/fs/WindowsException'> (0x000000076d0c31a0) thrown at [C:\workspace\8-2-build-windows-amd64-cygwin\jdk8u65\4987\hotspot\src\share\vm\prims\jni.cpp, line 709]
Event: 0.993 Thread 0x0000000003225000 Exception <a 'sun/nio/fs/WindowsException'> (0x000000076d0c4408) thrown at [C:\workspace\8-2-build-windows-amd64-cygwin\jdk8u65\4987\hotspot\src\share\vm\prims\jni.cpp, line 709]
Event: 0.993 Thread 0x0000000003225000 Exception <a 'sun/nio/fs/WindowsException'> (0x000000076d0c5548) thrown at [C:\workspace\8-2-build-windows-amd64-cygwin\jdk8u65\4987\hotspot\src\share\vm\prims\jni.cpp, line 709]
Event: 0.994 Thread 0x0000000003225000 Exception <a 'sun/nio/fs/WindowsException'> (0x000000076d0c66b0) thrown at [C:\workspace\8-2-build-windows-amd64-cygwin\jdk8u65\4987\hotspot\src\share\vm\prims\jni.cpp, line 709]
Event: 0.994 Thread 0x0000000003225000 Exception <a 'sun/nio/fs/WindowsException'> (0x000000076d0c77f0) thrown at [C:\workspace\8-2-build-windows-amd64-cygwin\jdk8u65\4987\hotspot\src\share\vm\prims\jni.cpp, line 709]
Event: 1.034 Thread 0x0000000003225000 Exception <a 'sun/nio/fs/WindowsException'> (0x000000076d3b7768) thrown at [C:\workspace\8-2-build-windows-amd64-cygwin\jdk8u65\4987\hotspot\src\share\vm\prims\jni.cpp, line 709]
Event: 1.034 Thread 0x0000000003225000 Exception <a 'sun/nio/fs/WindowsException'> (0x000000076d3b8920) thrown at [C:\workspace\8-2-build-windows-amd64-cygwin\jdk8u65\4987\hotspot\src\share\vm\prims\jni.cpp, line 709]
Event: 1.034 Thread 0x0000000003225000 Exception <a 'sun/nio/fs/WindowsException'> (0x000000076d3b9a60) thrown at [C:\workspace\8-2-build-windows-amd64-cygwin\jdk8u65\4987\hotspot\src\share\vm\prims\jni.cpp, line 709]
Event: 1.034 Thread 0x0000000003225000 Exception <a 'sun/nio/fs/WindowsException'> (0x000000076d3babc8) thrown at [C:\workspace\8-2-build-windows-amd64-cygwin\jdk8u65\4987\hotspot\src\share\vm\prims\jni.cpp, line 709]
Event: 1.035 Thread 0x0000000003225000 Exception <a 'sun/nio/fs/WindowsException'> (0x000000076d3bbd08) thrown at [C:\workspace\8-2-build-windows-amd64-cygwin\jdk8u65\4987\hotspot\src\share\vm\prims\jni.cpp, line 709]

Events (10 events):
Event: 1.074 Thread 0x0000000003225000 DEOPT PACKING pc=0x00000000035ebd6f sp=0x000000000321e6b0
Event: 1.074 Thread 0x0000000003225000 DEOPT UNPACKING pc=0x000000000336787f sp=0x000000000321e3a0 mode 0
Event: 1.090 loading class java/io/RandomAccessFile$1
Event: 1.090 loading class java/io/RandomAccessFile$1 done
Event: 1.102 loading class org/bytedeco/javacpp/indexer/Indexer
Event: 1.102 loading class org/bytedeco/javacpp/indexer/Indexer done
Event: 1.103 loading class org/bytedeco/javacpp/indexer/UByteIndexer
Event: 1.103 loading class org/bytedeco/javacpp/indexer/UByteIndexer done
Event: 1.103 loading class org/bytedeco/javacpp/annotation/Name
Event: 1.103 loading class org/bytedeco/javacpp/annotation/Name done


Dynamic libraries:
0x00007ff628670000 - 0x00007ff6286a7000 	C:\Program Files\Java\jdk1.8.0_65\bin\java.exe
0x00007ff898330000 - 0x00007ff898511000 	C:\WINDOWS\SYSTEM32\ntdll.dll
0x00007ff897c70000 - 0x00007ff897d22000 	C:\WINDOWS\System32\KERNEL32.DLL
0x00007ff894be0000 - 0x00007ff894e53000 	C:\WINDOWS\System32\KERNELBASE.dll
0x00007ff897da0000 - 0x00007ff897e41000 	C:\WINDOWS\System32\ADVAPI32.dll
0x00007ff897fc0000 - 0x00007ff89805e000 	C:\WINDOWS\System32\msvcrt.dll
0x00007ff895c20000 - 0x00007ff895c7b000 	C:\WINDOWS\System32\sechost.dll
0x00007ff895e70000 - 0x00007ff895f94000 	C:\WINDOWS\System32\RPCRT4.dll
0x00007ff895fa0000 - 0x00007ff896130000 	C:\WINDOWS\System32\USER32.dll
0x00007ff894fb0000 - 0x00007ff894fd0000 	C:\WINDOWS\System32\win32u.dll
0x00007ff8982d0000 - 0x00007ff8982f8000 	C:\WINDOWS\System32\GDI32.dll
0x00007ff894700000 - 0x00007ff894892000 	C:\WINDOWS\System32\gdi32full.dll
0x00007ff894e60000 - 0x00007ff894eff000 	C:\WINDOWS\System32\msvcp_win.dll
0x00007ff894ae0000 - 0x00007ff894bda000 	C:\WINDOWS\System32\ucrtbase.dll
0x00007ff889810000 - 0x00007ff889a79000 	C:\WINDOWS\WinSxS\amd64_microsoft.windows.common-controls_6595b64144ccf1df_6.0.17134.523_none_fb409dd930672a56\COMCTL32.dll
0x00007ff897880000 - 0x00007ff897ba2000 	C:\WINDOWS\System32\combase.dll
0x00007ff895740000 - 0x00007ff8957ba000 	C:\WINDOWS\System32\bcryptPrimitives.dll
0x00007ff895c80000 - 0x00007ff895cad000 	C:\WINDOWS\System32\IMM32.DLL
0x000000006d550000 - 0x000000006d622000 	C:\Program Files\Java\jdk1.8.0_65\jre\bin\msvcr100.dll
0x000000006ccc0000 - 0x000000006d549000 	C:\Program Files\Java\jdk1.8.0_65\jre\bin\server\jvm.dll
0x00007ff895cd0000 - 0x00007ff895cd8000 	C:\WINDOWS\System32\PSAPI.DLL
0x00007ff883d00000 - 0x00007ff883d09000 	C:\WINDOWS\SYSTEM32\WSOCK32.dll
0x00007ff8920f0000 - 0x00007ff892113000 	C:\WINDOWS\SYSTEM32\WINMM.dll
0x00007ff88e370000 - 0x00007ff88e37a000 	C:\WINDOWS\SYSTEM32\VERSION.dll
0x00007ff897d30000 - 0x00007ff897d9c000 	C:\WINDOWS\System32\WS2_32.dll
0x00007ff8920c0000 - 0x00007ff8920ea000 	C:\WINDOWS\SYSTEM32\WINMMBASE.dll
0x00007ff894a90000 - 0x00007ff894ad9000 	C:\WINDOWS\System32\cfgmgr32.dll
0x000000006ccb0000 - 0x000000006ccbf000 	C:\Program Files\Java\jdk1.8.0_65\jre\bin\verify.dll
0x000000006cc80000 - 0x000000006cca9000 	C:\Program Files\Java\jdk1.8.0_65\jre\bin\java.dll
0x000000006cc60000 - 0x000000006cc76000 	C:\Program Files\Java\jdk1.8.0_65\jre\bin\zip.dll
0x00007ff896190000 - 0x00007ff8975d0000 	C:\WINDOWS\System32\SHELL32.dll
0x00007ff8975d0000 - 0x00007ff897679000 	C:\WINDOWS\System32\shcore.dll
0x00007ff895030000 - 0x00007ff89573d000 	C:\WINDOWS\System32\windows.storage.dll
0x00007ff897c10000 - 0x00007ff897c61000 	C:\WINDOWS\System32\shlwapi.dll
0x00007ff8946c0000 - 0x00007ff8946d1000 	C:\WINDOWS\System32\kernel.appcore.dll
0x00007ff8946e0000 - 0x00007ff8946ff000 	C:\WINDOWS\System32\profapi.dll
0x00007ff894640000 - 0x00007ff89468c000 	C:\WINDOWS\System32\powrprof.dll
0x00007ff894690000 - 0x00007ff89469a000 	C:\WINDOWS\System32\FLTLIB.DLL
0x00007ff884410000 - 0x00007ff884420000 	C:\Program Files (x86)\JetBrains\IntelliJ IDEA Community Edition 15.0.2\bin\breakgen64.dll
0x000000006cc40000 - 0x000000006cc5a000 	C:\Program Files\Java\jdk1.8.0_65\jre\bin\net.dll
0x00007ff893b60000 - 0x00007ff893bc6000 	C:\WINDOWS\system32\mswsock.dll
0x000000006ca40000 - 0x000000006cbd8000 	C:\Program Files\Java\jdk1.8.0_65\jre\bin\awt.dll
0x00007ff898060000 - 0x00007ff898122000 	C:\WINDOWS\System32\OLEAUT32.dll
0x00007ff892300000 - 0x00007ff89238b000 	C:\WINDOWS\SYSTEM32\apphelp.dll
0x00007ff892640000 - 0x00007ff892669000 	C:\WINDOWS\system32\DWMAPI.DLL
0x00007ff892480000 - 0x00007ff892518000 	C:\WINDOWS\system32\uxtheme.dll
0x00007ff897680000 - 0x00007ff8977f3000 	C:\WINDOWS\System32\MSCTF.dll
0x00007ff897e60000 - 0x00007ff897fb1000 	C:\WINDOWS\System32\ole32.dll
0x00007ff859e70000 - 0x00007ff85a007000 	C:\WINDOWS\system32\d3d9.dll
0x00007ff88de90000 - 0x00007ff88df7a000 	C:\WINDOWS\System32\DriverStore\FileRepository\nv_ref_pubwu.inf_amd64_2e7fa54192fe16d0\nvldumdx.dll
0x00007ff8948a0000 - 0x00007ff894a82000 	C:\WINDOWS\System32\crypt32.dll
0x00007ff8946a0000 - 0x00007ff8946b2000 	C:\WINDOWS\System32\MSASN1.dll
0x00007ff894fd0000 - 0x00007ff895027000 	C:\WINDOWS\System32\WINTRUST.DLL
0x00007ff895cb0000 - 0x00007ff895ccd000 	C:\WINDOWS\System32\imagehlp.dll
0x00007ff894360000 - 0x00007ff894377000 	C:\WINDOWS\SYSTEM32\CRYPTSP.dll
0x00007ff893740000 - 0x00007ff893773000 	C:\WINDOWS\system32\rsaenh.dll
0x00007ff894160000 - 0x00007ff894185000 	C:\WINDOWS\SYSTEM32\bcrypt.dll
0x00007ff893d10000 - 0x00007ff893d1b000 	C:\WINDOWS\SYSTEM32\CRYPTBASE.dll
0x00007ff844520000 - 0x00007ff8456f6000 	C:\WINDOWS\System32\DriverStore\FileRepository\nv_ref_pubwu.inf_amd64_2e7fa54192fe16d0\nvd3dumx.dll
0x00007ff87e400000 - 0x00007ff87e5cc000 	C:\WINDOWS\system32\nvspcap64.dll
0x00007ff8957d0000 - 0x00007ff895c1b000 	C:\WINDOWS\System32\SETUPAPI.dll
0x00007ff8909c0000 - 0x00007ff8909d3000 	C:\WINDOWS\SYSTEM32\WTSAPI32.dll
0x00007ff88fee0000 - 0x00007ff88ffbd000 	C:\WINDOWS\SYSTEM32\WINHTTP.dll
0x00007ff889f70000 - 0x00007ff88a3f0000 	C:\WINDOWS\system32\nvapi64.dll
0x00007ff893070000 - 0x00007ff89312b000 	C:\WINDOWS\SYSTEM32\dxgi.dll
0x00007ff88a4d0000 - 0x00007ff88a5bb000 	C:\Program Files (x86)\NVIDIA Corporation\3D Vision\nvSCPAPI64.dll
0x00007ff894540000 - 0x00007ff894568000 	C:\WINDOWS\SYSTEM32\USERENV.dll
0x00007ff8938e0000 - 0x00007ff893918000 	C:\WINDOWS\SYSTEM32\IPHLPAPI.DLL
0x00007ff8957c0000 - 0x00007ff8957c8000 	C:\WINDOWS\System32\NSI.dll
0x00007ff88e430000 - 0x00007ff88e446000 	C:\WINDOWS\SYSTEM32\dhcpcsvc6.DLL
0x00007ff88e400000 - 0x00007ff88e41a000 	C:\WINDOWS\SYSTEM32\dhcpcsvc.DLL
0x000000006cc20000 - 0x000000006cc31000 	C:\Program Files\Java\jdk1.8.0_65\jre\bin\nio.dll
0x00007ff874600000 - 0x00007ff874642000 	C:\Users\onewa\AppData\Local\Temp\jna-105888688\jna532115263005566248.dll
0x0000000064940000 - 0x0000000064955000 	C:\Users\onewa\.javacpp\cache\leptonica-1.77.0-1.4.4-windows-x86_64.jar\org\bytedeco\javacpp\windows-x86_64\libwinpthread-1.dll
0x0000000061440000 - 0x000000006145c000 	C:\Users\onewa\.javacpp\cache\leptonica-1.77.0-1.4.4-windows-x86_64.jar\org\bytedeco\javacpp\windows-x86_64\libgcc_s_seh-1.dll
0x0000000063600000 - 0x000000006362f000 	C:\Users\onewa\.javacpp\cache\leptonica-1.77.0-1.4.4-windows-x86_64.jar\org\bytedeco\javacpp\windows-x86_64\libgomp-1.dll
0x000000006fc40000 - 0x000000006fda6000 	C:\Users\onewa\.javacpp\cache\leptonica-1.77.0-1.4.4-windows-x86_64.jar\org\bytedeco\javacpp\windows-x86_64\libstdc++-6.dll
0x000000002c540000 - 0x000000002c9f0000 	C:\Users\onewa\.javacpp\cache\leptonica-1.77.0-1.4.4-windows-x86_64.jar\org\bytedeco\javacpp\windows-x86_64\liblept-5.dll
0x000000006bf40000 - 0x000000006c272000 	C:\Users\onewa\.javacpp\cache\leptonica-1.77.0-1.4.4-windows-x86_64.jar\org\bytedeco\javacpp\windows-x86_64\jnilept.dll
0x0000000065280000 - 0x00000000657d1000 	C:\Users\onewa\.javacpp\cache\tesseract-4.0.0-1.4.4-windows-x86_64.jar\org\bytedeco\javacpp\windows-x86_64\libtesseract-4.dll
0x0000000021880000 - 0x000000002191f000 	C:\Users\onewa\.javacpp\cache\tesseract-4.0.0-1.4.4-windows-x86_64.jar\org\bytedeco\javacpp\windows-x86_64\jnitesseract.dll
0x00007ff894190000 - 0x00007ff894359000 	C:\WINDOWS\SYSTEM32\dbghelp.dll

VM Arguments:
jvm_args: -Didea.launcher.port=7533 -Didea.launcher.bin.path=C:\Program Files (x86)\JetBrains\IntelliJ IDEA Community Edition 15.0.2\bin -Dfile.encoding=UTF-8 
java_command: com.intellij.rt.execution.application.AppMain ninja.onewaysidewalks.reforger.Main RUN
java_class_path (initial): C:\Program Files\Java\jdk1.8.0_65\jre\lib\charsets.jar;C:\Program Files\Java\jdk1.8.0_65\jre\lib\deploy.jar;C:\Program Files\Java\jdk1.8.0_65\jre\lib\ext\access-bridge-64.jar;C:\Program Files\Java\jdk1.8.0_65\jre\lib\ext\cldrdata.jar;C:\Program Files\Java\jdk1.8.0_65\jre\lib\ext\dnsns.jar;C:\Program Files\Java\jdk1.8.0_65\jre\lib\ext\jaccess.jar;C:\Program Files\Java\jdk1.8.0_65\jre\lib\ext\jfxrt.jar;C:\Program Files\Java\jdk1.8.0_65\jre\lib\ext\localedata.jar;C:\Program Files\Java\jdk1.8.0_65\jre\lib\ext\nashorn.jar;C:\Program Files\Java\jdk1.8.0_65\jre\lib\ext\sunec.jar;C:\Program Files\Java\jdk1.8.0_65\jre\lib\ext\sunjce_provider.jar;C:\Program Files\Java\jdk1.8.0_65\jre\lib\ext\sunmscapi.jar;C:\Program Files\Java\jdk1.8.0_65\jre\lib\ext\sunpkcs11.jar;C:\Program Files\Java\jdk1.8.0_65\jre\lib\ext\zipfs.jar;C:\Program Files\Java\jdk1.8.0_65\jre\lib\javaws.jar;C:\Program Files\Java\jdk1.8.0_65\jre\lib\jce.jar;C:\Program Files\Java\jdk1.8.0_65\jre\lib\jfr.jar;C:\Program Files\Java\jdk1.8.0_65\jre\lib\jfxswt.jar;C:\Program Files\Java\jdk1.8.0_65\jre\lib\jsse.jar;C:\Program Files\Java\jdk1.8.0_65\jre\lib\management-agent.jar;C:\Program Files\Java\jdk1.8.0_65\jre\lib\plugin.jar;C:\Program Files\Java\jdk1.8.0_65\jre\lib\resources.jar;C:\Program Files\Java\jdk1.8.0_65\jre\lib\rt.jar;C:\Users\onewa\dev\reforger\build\classes\main;C:\Users\onewa\dev\reforger\build\resources\main;C:\Users\onewa\.gradle\caches\modules-2\files-2.1\net.java.dev.jna\jna\5.2.0\ed8b772eb077a9cb50e44e90899c66a9a6c00e67\jna-5.2.0.jar;C:\Users\onewa\.gradle\caches\modules-2\files-2.1\net.java.dev.jna\jna-platform\5.2.0\5520c6f3382801576547dd20854225ae2899b649\jna-platform-5.2.0.jar;C:\Users\onewa\.gradle\caches\modules-2\files-2.1\com.fasterxml.jackson.dataformat\jackson-dataformat-xml\2.9.8\6a068ddeeafe736da35fba3a7f64462081b562c9\jackson-dataformat-xml-2.9.8.jar;C:\Users\onewa\.gradle\caches\modules-2\files-2.1\com.fasterxml.jackson.core\jackson-core\2.9.8\f5a654e46757
Launcher Type: SUN_STANDARD

Environment Variables:
PATH=C:\ProgramData\Oracle\Java\javapath;C:\WINDOWS\system32;C:\WINDOWS;C:\WINDOWS\System32\Wbem;C:\WINDOWS\System32\WindowsPowerShell\v1.0\;C:\Program Files (x86)\Skype\Phone\;C:\Program Files (x86)\GtkSharp\2.12\bin;C:\Program Files (x86)\Heroku\bin;C:\Program Files (x86)\git\cmd;C:\Program Files (x86)\NVIDIA Corporation\PhysX\Common;C:\WINDOWS\system32;C:\WINDOWS;C:\WINDOWS\System32\Wbem;C:\WINDOWS\System32\WindowsPowerShell\v1.0\;C:\WINDOWS\System32\OpenSSH\;C:\Program Files\Microsoft VS Code\bin;C:\Users\onewa\dev\scrcpy-win64;C:\Program Files (x86)\Oculus\Support\oculus-runtime;C:\ProgramData\Oracle\Java\javapath;C:\WINDOWS\system32;C:\WINDOWS;C:\WINDOWS\System32\Wbem;C:\WINDOWS\System32\WindowsPowerShell\v1.0\;C:\Program Files (x86)\Skype\Phone\;C:\Program Files (x86)\GtkSharp\2.12\bin;C:\Program Files (x86)\Heroku\bin;C:\Program Files (x86)\git\cmd;C:\Program Files (x86)\NVIDIA Corporation\PhysX\Common;C:\Users\onewa\AppData\Local\atom\bin;C:\Users\onewa\dev\gradle-2.10-all\gradle-2.10\bin;C:\Python27;C:\Python27\Scripts;C:\Users\onewa\AppData\Local\Microsoft\WindowsApps;C:\Users\onewa\AppData\Local\Programs\Fiddler;C:\Program Files\Microsoft VS Code\bin;C:\Users\onewa\dev\scrcpy-win64;
USERNAME=onewa
OS=Windows_NT
PROCESSOR_IDENTIFIER=Intel64 Family 6 Model 63 Stepping 2, GenuineIntel



---------------  S Y S T E M  ---------------

OS: Windows 10.0 , 64 bit Build 17134 (10.0.17134.1)

CPU:total 12 (6 cores per cpu, 2 threads per core) family 6 model 63 stepping 2, cmov, cx8, fxsr, mmx, sse, sse2, sse3, ssse3, sse4.1, sse4.2, popcnt, avx, avx2, aes, clmul, erms, lzcnt, ht, tsc, tscinvbit, bmi1, bmi2

Memory: 4k page, physical 16611276k(5128604k free), swap 23458044k(2991756k free)

vm_info: Java HotSpot(TM) 64-Bit Server VM (25.65-b01) for windows-amd64 JRE (1.8.0_65-b17), built on Oct  6 2015 16:39:20 by "java_re" with MS VC++ 10.0 (VS2010)

time: Thu Feb 21 13:09:36 2019
elapsed time: 1 seconds (0d 0h 0m 1s)

